[    29.861] 
X.Org X Server 1.19.6
Release Date: 2017-12-20
[    29.861] X Protocol Version 11, Revision 0
[    29.861] Build Operating System: Linux 4.4.0-138-generic x86_64 Ubuntu
[    29.863] Current Operating System: Linux iphelf-ubuntu 4.15.0-45-generic #48-Ubuntu SMP Tue Jan 29 16:28:13 UTC 2019 x86_64
[    29.863] Kernel command line: BOOT_IMAGE=/boot/vmlinuz-4.15.0-45-generic root=UUID=8dec384a-27d2-11e9-b30a-0800278f88af ro maybe-ubiquity
[    29.866] Build Date: 25 October 2018  04:11:27PM
[    29.868] xorg-server 2:1.19.6-1ubuntu4.2 (For technical support please see http://www.ubuntu.com/support) 
[    29.870] Current version of pixman: 0.34.0
[    29.872] 	Before reporting problems, check http://wiki.x.org
	to make sure that you have the latest version.
[    29.873] Markers: (--) probed, (**) from config file, (==) default setting,
	(++) from command line, (!!) notice, (II) informational,
	(WW) warning, (EE) error, (NI) not implemented, (??) unknown.
[    29.879] (==) Log file: "/home/iphelf/.local/share/xorg/Xorg.0.log", Time: Mon Feb  4 08:26:42 2019
[    29.882] (==) Using system config directory "/usr/share/X11/xorg.conf.d"
[    29.884] (==) No Layout section.  Using the first Screen section.
[    29.884] (==) No screen section available. Using defaults.
[    29.884] (**) |-->Screen "Default Screen Section" (0)
[    29.884] (**) |   |-->Monitor "<default monitor>"
[    29.885] (==) No monitor specified for screen "Default Screen Section".
	Using a default monitor configuration.
[    29.885] (==) Automatically adding devices
[    29.885] (==) Automatically enabling devices
[    29.885] (==) Automatically adding GPU devices
[    29.885] (==) Automatically binding GPU devices
[    29.885] (==) Max clients allowed: 256, resource mask: 0x1fffff
[    29.886] (WW) The directory "/usr/share/fonts/X11/cyrillic" does not exist.
[    29.886] 	Entry deleted from font path.
[    29.886] (WW) The directory "/usr/share/fonts/X11/100dpi/" does not exist.
[    29.886] 	Entry deleted from font path.
[    29.886] (WW) The directory "/usr/share/fonts/X11/75dpi/" does not exist.
[    29.886] 	Entry deleted from font path.
[    29.886] (WW) The directory "/usr/share/fonts/X11/100dpi" does not exist.
[    29.886] 	Entry deleted from font path.
[    29.886] (WW) The directory "/usr/share/fonts/X11/75dpi" does not exist.
[    29.886] 	Entry deleted from font path.
[    29.886] (==) FontPath set to:
	/usr/share/fonts/X11/misc,
	/usr/share/fonts/X11/Type1,
	built-ins
[    29.886] (==) ModulePath set to "/usr/lib/xorg/modules"
[    29.886] (II) The server relies on udev to provide the list of input devices.
	If no devices become available, reconfigure udev or disable AutoAddDevices.
[    29.886] (II) Loader magic: 0x56040c990020
[    29.886] (II) Module ABI versions:
[    29.886] 	X.Org ANSI C Emulation: 0.4
[    29.886] 	X.Org Video Driver: 23.0
[    29.886] 	X.Org XInput driver : 24.1
[    29.886] 	X.Org Server Extension : 10.0
[    29.887] (++) using VT number 1

[    29.888] (II) systemd-logind: took control of session /org/freedesktop/login1/session/_31
[    29.888] (II) xfree86: Adding drm device (/dev/dri/card0)
[    29.889] (II) systemd-logind: got fd for /dev/dri/card0 226:0 fd 11 paused 0
[    29.891] (--) PCI:*(0:0:2:0) 80ee:beef:0000:0000 rev 0, Mem @ 0xe0000000/16777216, BIOS @ 0x????????/131072
[    29.891] (II) LoadModule: "glx"
[    29.892] (II) Loading /usr/lib/xorg/modules/extensions/libglx.so
[    29.897] (II) Module glx: vendor="X.Org Foundation"
[    29.897] 	compiled for 1.19.6, module version = 1.0.0
[    29.898] 	ABI class: X.Org Server Extension, version 10.0
[    29.898] (==) Matched vboxvideo as autoconfigured driver 0
[    29.898] (==) Matched vboxvideo as autoconfigured driver 1
[    29.898] (==) Matched modesetting as autoconfigured driver 2
[    29.898] (==) Matched fbdev as autoconfigured driver 3
[    29.898] (==) Matched vesa as autoconfigured driver 4
[    29.898] (==) Assigned the driver to the xf86ConfigLayout
[    29.898] (II) LoadModule: "vboxvideo"
[    29.898] (WW) Warning, couldn't open module vboxvideo
[    29.898] (II) UnloadModule: "vboxvideo"
[    29.898] (II) Unloading vboxvideo
[    29.898] (EE) Failed to load module "vboxvideo" (module does not exist, 0)
[    29.898] (II) LoadModule: "modesetting"
[    29.898] (II) Loading /usr/lib/xorg/modules/drivers/modesetting_drv.so
[    29.899] (II) Module modesetting: vendor="X.Org Foundation"
[    29.899] 	compiled for 1.19.6, module version = 1.19.6
[    29.899] 	Module class: X.Org Video Driver
[    29.899] 	ABI class: X.Org Video Driver, version 23.0
[    29.899] (II) LoadModule: "fbdev"
[    29.899] (II) Loading /usr/lib/xorg/modules/drivers/fbdev_drv.so
[    29.899] (II) Module fbdev: vendor="X.Org Foundation"
[    29.899] 	compiled for 1.19.3, module version = 0.4.4
[    29.899] 	Module class: X.Org Video Driver
[    29.899] 	ABI class: X.Org Video Driver, version 23.0
[    29.899] (II) LoadModule: "vesa"
[    29.899] (II) Loading /usr/lib/xorg/modules/drivers/vesa_drv.so
[    29.900] (II) Module vesa: vendor="X.Org Foundation"
[    29.900] 	compiled for 1.19.3, module version = 2.3.4
[    29.900] 	Module class: X.Org Video Driver
[    29.900] 	ABI class: X.Org Video Driver, version 23.0
[    29.900] (==) Matched vboxvideo as autoconfigured driver 0
[    29.900] (==) Matched vboxvideo as autoconfigured driver 1
[    29.900] (==) Matched modesetting as autoconfigured driver 2
[    29.900] (==) Matched fbdev as autoconfigured driver 3
[    29.900] (==) Matched vesa as autoconfigured driver 4
[    29.900] (==) Assigned the driver to the xf86ConfigLayout
[    29.900] (II) LoadModule: "vboxvideo"
[    29.900] (WW) Warning, couldn't open module vboxvideo
[    29.900] (II) UnloadModule: "vboxvideo"
[    29.900] (II) Unloading vboxvideo
[    29.900] (EE) Failed to load module "vboxvideo" (module does not exist, 0)
[    29.900] (II) LoadModule: "modesetting"
[    29.900] (II) Loading /usr/lib/xorg/modules/drivers/modesetting_drv.so
[    29.900] (II) Module modesetting: vendor="X.Org Foundation"
[    29.900] 	compiled for 1.19.6, module version = 1.19.6
[    29.900] 	Module class: X.Org Video Driver
[    29.900] 	ABI class: X.Org Video Driver, version 23.0
[    29.900] (II) UnloadModule: "modesetting"
[    29.900] (II) Unloading modesetting
[    29.900] (II) Failed to load module "modesetting" (already loaded, 0)
[    29.900] (II) LoadModule: "fbdev"
[    29.900] (II) Loading /usr/lib/xorg/modules/drivers/fbdev_drv.so
[    29.900] (II) Module fbdev: vendor="X.Org Foundation"
[    29.900] 	compiled for 1.19.3, module version = 0.4.4
[    29.900] 	Module class: X.Org Video Driver
[    29.900] 	ABI class: X.Org Video Driver, version 23.0
[    29.900] (II) UnloadModule: "fbdev"
[    29.900] (II) Unloading fbdev
[    29.900] (II) Failed to load module "fbdev" (already loaded, 0)
[    29.900] (II) LoadModule: "vesa"
[    29.900] (II) Loading /usr/lib/xorg/modules/drivers/vesa_drv.so
[    29.900] (II) Module vesa: vendor="X.Org Foundation"
[    29.900] 	compiled for 1.19.3, module version = 2.3.4
[    29.900] 	Module class: X.Org Video Driver
[    29.900] 	ABI class: X.Org Video Driver, version 23.0
[    29.900] (II) UnloadModule: "vesa"
[    29.900] (II) Unloading vesa
[    29.900] (II) Failed to load module "vesa" (already loaded, 0)
[    29.900] (II) modesetting: Driver for Modesetting Kernel Drivers: kms
[    29.900] (II) FBDEV: driver for framebuffer: fbdev
[    29.900] (II) VESA: driver for VESA chipsets: vesa
[    29.902] xf86EnableIOPorts: failed to set IOPL for I/O (Operation not permitted)
[    29.902] (II) modeset(0): using drv /dev/dri/card0
[    29.902] (WW) Falling back to old probe method for fbdev
[    29.902] (II) Loading sub module "fbdevhw"
[    29.902] (II) LoadModule: "fbdevhw"
[    29.902] (II) Loading /usr/lib/xorg/modules/libfbdevhw.so
[    29.903] (II) Module fbdevhw: vendor="X.Org Foundation"
[    29.903] 	compiled for 1.19.6, module version = 0.0.2
[    29.903] 	ABI class: X.Org Video Driver, version 23.0
[    29.903] (EE) open /dev/fb0: Permission denied
[    29.903] (WW) Falling back to old probe method for vesa
[    29.903] (WW) VGA arbiter: cannot open kernel arbiter, no multi-card support
[    29.903] (II) modeset(0): Creating default Display subsection in Screen section
	"Default Screen Section" for depth/fbbpp 24/32
[    29.903] (==) modeset(0): Depth 24, (==) framebuffer bpp 32
[    29.903] (==) modeset(0): RGB weight 888
[    29.903] (==) modeset(0): Default visual is TrueColor
[    29.903] (II) Loading sub module "glamoregl"
[    29.903] (II) LoadModule: "glamoregl"
[    29.903] (II) Loading /usr/lib/xorg/modules/libglamoregl.so
[    29.908] (II) Module glamoregl: vendor="X.Org Foundation"
[    29.908] 	compiled for 1.19.6, module version = 1.0.0
[    29.908] 	ABI class: X.Org ANSI C Emulation, version 0.4
[    29.908] (II) glamor: OpenGL accelerated X.org driver based.
[    30.014] (II) glamor: EGL version 1.4 (DRI2):
[    30.014] EGL_MESA_drm_image required.
[    30.015] (EE) modeset(0): glamor initialization failed
[    30.015] (II) modeset(0): ShadowFB: preferred NO, enabled NO
[    30.017] (II) modeset(0): Output VGA-1 has no monitor section
[    30.020] (II) modeset(0): EDID for output VGA-1
[    30.020] (II) modeset(0): Manufacturer: VBX  Model: 0  Serial#: 39322491
[    30.020] (II) modeset(0): Year: 1990  Week: 1
[    30.020] (II) modeset(0): EDID Version: 1.3
[    30.020] (II) modeset(0): Digital Display Input
[    30.020] (II) modeset(0): Indeterminate output size
[    30.020] (II) modeset(0): Gamma: 2.20
[    30.020] (II) modeset(0): DPMS capabilities: StandBy Suspend Off
[    30.020] (II) modeset(0): Supported color encodings: RGB 4:4:4 YCrCb 4:4:4 
[    30.020] (II) modeset(0): Default color space is primary color space
[    30.020] (II) modeset(0): First detailed timing is preferred mode
[    30.020] (II) modeset(0): redX: 0.640 redY: 0.330   greenX: 0.300 greenY: 0.600
[    30.020] (II) modeset(0): blueX: 0.150 blueY: 0.060   whiteX: 0.312 whiteY: 0.329
[    30.020] (II) modeset(0): Manufacturer's mask: 0
[    30.020] (II) modeset(0): Supported detailed timing:
[    30.020] (II) modeset(0): clock: 32.6 MHz   Image Size:  0 x 0 mm
[    30.020] (II) modeset(0): h_active: 891  h_sync: 893  h_sync_end 895 h_blank_end 897 h_border: 0
[    30.020] (II) modeset(0): v_active: 600  v_sync: 600  v_sync_end 634 v_blanking: 606 v_border: 0
[    30.020] (II) modeset(0): Ranges: V min: 0 V max: 200 Hz, H min: 0 H max: 200 kHz, PixClock max 1005 MHz
[    30.020] (II) modeset(0): Monitor name: VBOX monitor
[    30.020] (II) modeset(0): EDID (in hex):
[    30.020] (II) modeset(0): 	00ffffffffffff00585800007b035802
[    30.020] (II) modeset(0): 	0100010380000078eeee91a3544c9926
[    30.020] (II) modeset(0): 	0f505400000001010101010101010101
[    30.020] (II) modeset(0): 	010101010101bd0c7b06305806200202
[    30.020] (II) modeset(0): 	0202000000000000000000fd0000c800
[    30.020] (II) modeset(0): 	c864000a202020202020000000fc0056
[    30.020] (II) modeset(0): 	424f58206d6f6e69746f720a00000010
[    30.020] (II) modeset(0): 	000a202020202020202020202020008d
[    30.020] (II) modeset(0): Printing probed modes for output VGA-1
[    30.020] (II) modeset(0): Modeline "888x600"x60.0   42.20  888 920 1008 1128  600 603 613 624 -hsync +vsync (37.4 kHz P)
[    30.020] (II) modeset(0): Modeline "2560x1600"x60.0  348.50  2560 2752 3032 3504  1600 1603 1609 1658 -hsync +vsync (99.5 kHz e)
[    30.020] (II) modeset(0): Modeline "2560x1600"x60.0  268.50  2560 2608 2640 2720  1600 1603 1609 1646 +hsync -vsync (98.7 kHz e)
[    30.020] (II) modeset(0): Modeline "1920x1440"x60.0  234.00  1920 2048 2256 2600  1440 1441 1444 1500 -hsync +vsync (90.0 kHz e)
[    30.020] (II) modeset(0): Modeline "1856x1392"x60.0  218.25  1856 1952 2176 2528  1392 1393 1396 1439 -hsync +vsync (86.3 kHz e)
[    30.020] (II) modeset(0): Modeline "1792x1344"x60.0  204.75  1792 1920 2120 2448  1344 1345 1348 1394 -hsync +vsync (83.6 kHz e)
[    30.020] (II) modeset(0): Modeline "2048x1152"x60.0  162.00  2048 2074 2154 2250  1152 1153 1156 1200 +hsync +vsync (72.0 kHz e)
[    30.020] (II) modeset(0): Modeline "1920x1200"x59.9  193.25  1920 2056 2256 2592  1200 1203 1209 1245 -hsync +vsync (74.6 kHz e)
[    30.020] (II) modeset(0): Modeline "1920x1200"x60.0  154.00  1920 1968 2000 2080  1200 1203 1209 1235 +hsync -vsync (74.0 kHz e)
[    30.020] (II) modeset(0): Modeline "1920x1080"x60.0  148.50  1920 2008 2052 2200  1080 1084 1089 1125 -hsync -vsync (67.5 kHz e)
[    30.020] (II) modeset(0): Modeline "1600x1200"x60.0  162.00  1600 1664 1856 2160  1200 1201 1204 1250 +hsync +vsync (75.0 kHz e)
[    30.020] (II) modeset(0): Modeline "1680x1050"x60.0  146.25  1680 1784 1960 2240  1050 1053 1059 1089 -hsync +vsync (65.3 kHz e)
[    30.020] (II) modeset(0): Modeline "1680x1050"x59.9  119.00  1680 1728 1760 1840  1050 1053 1059 1080 +hsync -vsync (64.7 kHz e)
[    30.020] (II) modeset(0): Modeline "1400x1050"x60.0  121.75  1400 1488 1632 1864  1050 1053 1057 1089 -hsync +vsync (65.3 kHz e)
[    30.020] (II) modeset(0): Modeline "1400x1050"x59.9  101.00  1400 1448 1480 1560  1050 1053 1057 1080 +hsync -vsync (64.7 kHz e)
[    30.020] (II) modeset(0): Modeline "1600x900"x60.0  108.00  1600 1624 1704 1800  900 901 904 1000 +hsync +vsync (60.0 kHz e)
[    30.020] (II) modeset(0): Modeline "1280x1024"x60.0  108.00  1280 1328 1440 1688  1024 1025 1028 1066 +hsync +vsync (64.0 kHz e)
[    30.020] (II) modeset(0): Modeline "1440x900"x59.9  106.50  1440 1520 1672 1904  900 903 909 934 -hsync +vsync (55.9 kHz e)
[    30.020] (II) modeset(0): Modeline "1440x900"x59.9   88.75  1440 1488 1520 1600  900 903 909 926 +hsync -vsync (55.5 kHz e)
[    30.020] (II) modeset(0): Modeline "1280x960"x60.0  108.00  1280 1376 1488 1800  960 961 964 1000 +hsync +vsync (60.0 kHz e)
[    30.020] (II) modeset(0): Modeline "1366x768"x59.8   85.50  1366 1436 1579 1792  768 771 774 798 +hsync +vsync (47.7 kHz e)
[    30.020] (II) modeset(0): Modeline "1366x768"x60.0   72.00  1366 1380 1436 1500  768 769 772 800 +hsync +vsync (48.0 kHz e)
[    30.020] (II) modeset(0): Modeline "1360x768"x60.0   85.50  1360 1424 1536 1792  768 771 777 795 +hsync +vsync (47.7 kHz e)
[    30.020] (II) modeset(0): Modeline "1280x800"x59.8   83.50  1280 1352 1480 1680  800 803 809 831 -hsync +vsync (49.7 kHz e)
[    30.020] (II) modeset(0): Modeline "1280x800"x59.9   71.00  1280 1328 1360 1440  800 803 809 823 +hsync -vsync (49.3 kHz e)
[    30.020] (II) modeset(0): Modeline "1280x768"x59.9   79.50  1280 1344 1472 1664  768 771 778 798 -hsync +vsync (47.8 kHz e)
[    30.020] (II) modeset(0): Modeline "1280x768"x60.0   68.25  1280 1328 1360 1440  768 771 778 790 +hsync -vsync (47.4 kHz e)
[    30.020] (II) modeset(0): Modeline "1280x720"x60.0   74.25  1280 1390 1430 1650  720 725 730 750 +hsync +vsync (45.0 kHz e)
[    30.020] (II) modeset(0): Modeline "1024x768"x60.0   65.00  1024 1048 1184 1344  768 771 777 806 -hsync -vsync (48.4 kHz e)
[    30.020] (II) modeset(0): Modeline "800x600"x60.3   40.00  800 840 968 1056  600 601 605 628 +hsync +vsync (37.9 kHz e)
[    30.020] (II) modeset(0): Modeline "800x600"x56.2   36.00  800 824 896 1024  600 601 603 625 +hsync +vsync (35.2 kHz e)
[    30.020] (II) modeset(0): Modeline "848x480"x60.0   33.75  848 864 976 1088  480 486 494 517 +hsync +vsync (31.0 kHz e)
[    30.020] (II) modeset(0): Modeline "640x480"x59.9   25.18  640 656 752 800  480 490 492 525 -hsync -vsync (31.5 kHz e)
[    30.020] (II) modeset(0): Output VGA-1 connected
[    30.020] (II) modeset(0): Using exact sizes for initial modes
[    30.020] (II) modeset(0): Output VGA-1 using initial mode 888x600 +0+0
[    30.020] (==) modeset(0): Using gamma correction (1.0, 1.0, 1.0)
[    30.020] (==) modeset(0): DPI set to (96, 96)
[    30.020] (II) Loading sub module "fb"
[    30.020] (II) LoadModule: "fb"
[    30.020] (II) Loading /usr/lib/xorg/modules/libfb.so
[    30.021] (II) Module fb: vendor="X.Org Foundation"
[    30.021] 	compiled for 1.19.6, module version = 1.0.0
[    30.021] 	ABI class: X.Org ANSI C Emulation, version 0.4
[    30.021] (II) UnloadModule: "fbdev"
[    30.021] (II) Unloading fbdev
[    30.021] (II) UnloadSubModule: "fbdevhw"
[    30.021] (II) Unloading fbdevhw
[    30.021] (II) UnloadModule: "vesa"
[    30.021] (II) Unloading vesa
[    30.021] (==) Depth 24 pixmap format is 32 bpp
[    30.022] (==) modeset(0): Backing store enabled
[    30.022] (==) modeset(0): Silken mouse enabled
[    30.022] (II) modeset(0): RandR 1.2 enabled, ignore the following RandR disabled message.
[    30.023] (==) modeset(0): DPMS enabled
[    30.023] (--) RandR disabled
[    30.025] (II) SELinux: Disabled on system
[    30.025] (II) AIGLX: Screen 0 is not DRI2 capable
[    30.025] (EE) AIGLX: reverting to software rendering
[    30.027] (II) IGLX: enabled GLX_MESA_copy_sub_buffer
[    30.027] (II) IGLX: Loaded and initialized swrast
[    30.027] (II) GLX: Initialized DRISWRAST GL provider for screen 0
[    30.028] (II) modeset(0): Damage tracking initialized
[    30.028] (II) modeset(0): Setting screen physical size to 234 x 158
[    30.180] (II) config/udev: Adding input device Power Button (/dev/input/event0)
[    30.180] (**) Power Button: Applying InputClass "libinput keyboard catchall"
[    30.180] (II) LoadModule: "libinput"
[    30.180] (II) Loading /usr/lib/xorg/modules/input/libinput_drv.so
[    30.184] (II) Module libinput: vendor="X.Org Foundation"
[    30.184] 	compiled for 1.19.6, module version = 0.27.1
[    30.184] 	Module class: X.Org XInput Driver
[    30.184] 	ABI class: X.Org XInput driver, version 24.1
[    30.184] (II) Using input driver 'libinput' for 'Power Button'
[    30.185] (II) systemd-logind: got fd for /dev/input/event0 13:64 fd 19 paused 0
[    30.185] (**) Power Button: always reports core events
[    30.185] (**) Option "Device" "/dev/input/event0"
[    30.185] (**) Option "_source" "server/udev"
[    30.186] (II) event0  - Power Button: is tagged by udev as: Keyboard
[    30.186] (II) event0  - Power Button: device is a keyboard
[    30.186] (II) event0  - Power Button: device removed
[    30.186] (**) Option "config_info" "udev:/sys/devices/LNXSYSTM:00/LNXPWRBN:00/input/input0/event0"
[    30.186] (II) XINPUT: Adding extended input device "Power Button" (type: KEYBOARD, id 6)
[    30.186] (**) Option "xkb_model" "pc105"
[    30.186] (**) Option "xkb_layout" "us"
[    30.186] (II) event0  - Power Button: is tagged by udev as: Keyboard
[    30.186] (II) event0  - Power Button: device is a keyboard
[    30.187] (II) config/udev: Adding input device Sleep Button (/dev/input/event1)
[    30.187] (**) Sleep Button: Applying InputClass "libinput keyboard catchall"
[    30.187] (II) Using input driver 'libinput' for 'Sleep Button'
[    30.188] (II) systemd-logind: got fd for /dev/input/event1 13:65 fd 22 paused 0
[    30.188] (**) Sleep Button: always reports core events
[    30.188] (**) Option "Device" "/dev/input/event1"
[    30.188] (**) Option "_source" "server/udev"
[    30.188] (II) event1  - Sleep Button: is tagged by udev as: Keyboard
[    30.188] (II) event1  - Sleep Button: device is a keyboard
[    30.188] (II) event1  - Sleep Button: device removed
[    30.188] (**) Option "config_info" "udev:/sys/devices/LNXSYSTM:00/LNXSLPBN:00/input/input1/event1"
[    30.188] (II) XINPUT: Adding extended input device "Sleep Button" (type: KEYBOARD, id 7)
[    30.188] (**) Option "xkb_model" "pc105"
[    30.188] (**) Option "xkb_layout" "us"
[    30.189] (II) event1  - Sleep Button: is tagged by udev as: Keyboard
[    30.189] (II) event1  - Sleep Button: device is a keyboard
[    30.189] (II) config/udev: Adding input device Video Bus (/dev/input/event3)
[    30.189] (**) Video Bus: Applying InputClass "libinput keyboard catchall"
[    30.189] (II) Using input driver 'libinput' for 'Video Bus'
[    30.190] (II) systemd-logind: got fd for /dev/input/event3 13:67 fd 23 paused 0
[    30.190] (**) Video Bus: always reports core events
[    30.190] (**) Option "Device" "/dev/input/event3"
[    30.190] (**) Option "_source" "server/udev"
[    30.190] (II) event3  - Video Bus: is tagged by udev as: Keyboard
[    30.190] (II) event3  - Video Bus: device is a keyboard
[    30.190] (II) event3  - Video Bus: device removed
[    30.190] (**) Option "config_info" "udev:/sys/devices/LNXSYSTM:00/LNXSYBUS:00/PNP0A03:00/LNXVIDEO:00/input/input4/event3"
[    30.190] (II) XINPUT: Adding extended input device "Video Bus" (type: KEYBOARD, id 8)
[    30.190] (**) Option "xkb_model" "pc105"
[    30.190] (**) Option "xkb_layout" "us"
[    30.191] (II) event3  - Video Bus: is tagged by udev as: Keyboard
[    30.191] (II) event3  - Video Bus: device is a keyboard
[    30.191] (II) config/udev: Adding input device VirtualBox mouse integration (/dev/input/event6)
[    30.191] (**) VirtualBox mouse integration: Applying InputClass "libinput pointer catchall"
[    30.191] (II) Using input driver 'libinput' for 'VirtualBox mouse integration'
[    30.193] (II) systemd-logind: got fd for /dev/input/event6 13:70 fd 24 paused 0
[    30.193] (**) VirtualBox mouse integration: always reports core events
[    30.193] (**) Option "Device" "/dev/input/event6"
[    30.193] (**) Option "_source" "server/udev"
[    30.193] (II) event6  - VirtualBox mouse integration: is tagged by udev as: Mouse
[    30.193] (II) event6  - VirtualBox mouse integration: device is a pointer
[    30.193] (II) event6  - VirtualBox mouse integration: device removed
[    30.193] (**) Option "config_info" "udev:/sys/devices/pci0000:00/0000:00:04.0/input/input7/event6"
[    30.193] (II) XINPUT: Adding extended input device "VirtualBox mouse integration" (type: MOUSE, id 9)
[    30.193] (**) Option "AccelerationScheme" "none"
[    30.193] (**) VirtualBox mouse integration: (accel) selected scheme none/0
[    30.193] (**) VirtualBox mouse integration: (accel) acceleration factor: 2.000
[    30.193] (**) VirtualBox mouse integration: (accel) acceleration threshold: 4
[    30.193] (II) event6  - VirtualBox mouse integration: is tagged by udev as: Mouse
[    30.193] (II) event6  - VirtualBox mouse integration: device is a pointer
[    30.194] (II) config/udev: Adding input device VirtualBox mouse integration (/dev/input/js1)
[    30.194] (II) No input driver specified, ignoring this device.
[    30.194] (II) This device may have been added with another device file.
[    30.194] (II) config/udev: Adding input device VirtualBox USB Tablet (/dev/input/event4)
[    30.194] (**) VirtualBox USB Tablet: Applying InputClass "libinput pointer catchall"
[    30.194] (II) Using input driver 'libinput' for 'VirtualBox USB Tablet'
[    30.253] (II) systemd-logind: got fd for /dev/input/event4 13:68 fd 25 paused 0
[    30.253] (**) VirtualBox USB Tablet: always reports core events
[    30.253] (**) Option "Device" "/dev/input/event4"
[    30.253] (**) Option "_source" "server/udev"
[    30.253] (II) event4  - VirtualBox USB Tablet: is tagged by udev as: Mouse
[    30.253] (II) event4  - VirtualBox USB Tablet: device is a pointer
[    30.253] (II) event4  - VirtualBox USB Tablet: device removed
[    30.253] (**) Option "config_info" "udev:/sys/devices/pci0000:00/0000:00:0c.0/usb1/1-1/1-1:1.0/0003:80EE:0021.0001/input/input6/event4"
[    30.253] (II) XINPUT: Adding extended input device "VirtualBox USB Tablet" (type: MOUSE, id 10)
[    30.253] (**) Option "AccelerationScheme" "none"
[    30.253] (**) VirtualBox USB Tablet: (accel) selected scheme none/0
[    30.253] (**) VirtualBox USB Tablet: (accel) acceleration factor: 2.000
[    30.253] (**) VirtualBox USB Tablet: (accel) acceleration threshold: 4
[    30.254] (II) event4  - VirtualBox USB Tablet: is tagged by udev as: Mouse
[    30.254] (II) event4  - VirtualBox USB Tablet: device is a pointer
[    30.254] (II) config/udev: Adding input device VirtualBox USB Tablet (/dev/input/js0)
[    30.254] (II) No input driver specified, ignoring this device.
[    30.254] (II) This device may have been added with another device file.
[    30.255] (II) config/udev: Adding input device VirtualBox USB Tablet (/dev/input/mouse0)
[    30.255] (II) No input driver specified, ignoring this device.
[    30.255] (II) This device may have been added with another device file.
[    30.255] (II) config/udev: Adding input device AT Translated Set 2 keyboard (/dev/input/event2)
[    30.255] (**) AT Translated Set 2 keyboard: Applying InputClass "libinput keyboard catchall"
[    30.255] (II) Using input driver 'libinput' for 'AT Translated Set 2 keyboard'
[    30.256] (II) systemd-logind: got fd for /dev/input/event2 13:66 fd 26 paused 0
[    30.256] (**) AT Translated Set 2 keyboard: always reports core events
[    30.256] (**) Option "Device" "/dev/input/event2"
[    30.256] (**) Option "_source" "server/udev"
[    30.257] (II) event2  - AT Translated Set 2 keyboard: is tagged by udev as: Keyboard
[    30.257] (II) event2  - AT Translated Set 2 keyboard: device is a keyboard
[    30.257] (II) event2  - AT Translated Set 2 keyboard: device removed
[    30.257] (**) Option "config_info" "udev:/sys/devices/platform/i8042/serio0/input/input2/event2"
[    30.257] (II) XINPUT: Adding extended input device "AT Translated Set 2 keyboard" (type: KEYBOARD, id 11)
[    30.257] (**) Option "xkb_model" "pc105"
[    30.257] (**) Option "xkb_layout" "us"
[    30.257] (II) event2  - AT Translated Set 2 keyboard: is tagged by udev as: Keyboard
[    30.257] (II) event2  - AT Translated Set 2 keyboard: device is a keyboard
[    30.257] (II) config/udev: Adding input device ImExPS/2 Generic Explorer Mouse (/dev/input/event5)
[    30.258] (**) ImExPS/2 Generic Explorer Mouse: Applying InputClass "libinput pointer catchall"
[    30.258] (II) Using input driver 'libinput' for 'ImExPS/2 Generic Explorer Mouse'
[    30.259] (II) systemd-logind: got fd for /dev/input/event5 13:69 fd 27 paused 0
[    30.259] (**) ImExPS/2 Generic Explorer Mouse: always reports core events
[    30.259] (**) Option "Device" "/dev/input/event5"
[    30.259] (**) Option "_source" "server/udev"
[    30.259] (II) event5  - ImExPS/2 Generic Explorer Mouse: is tagged by udev as: Mouse
[    30.259] (II) event5  - ImExPS/2 Generic Explorer Mouse: device is a pointer
[    30.259] (II) event5  - ImExPS/2 Generic Explorer Mouse: device removed
[    30.259] (**) Option "config_info" "udev:/sys/devices/platform/i8042/serio1/input/input5/event5"
[    30.259] (II) XINPUT: Adding extended input device "ImExPS/2 Generic Explorer Mouse" (type: MOUSE, id 12)
[    30.259] (**) Option "AccelerationScheme" "none"
[    30.259] (**) ImExPS/2 Generic Explorer Mouse: (accel) selected scheme none/0
[    30.259] (**) ImExPS/2 Generic Explorer Mouse: (accel) acceleration factor: 2.000
[    30.259] (**) ImExPS/2 Generic Explorer Mouse: (accel) acceleration threshold: 4
[    30.260] (II) event5  - ImExPS/2 Generic Explorer Mouse: is tagged by udev as: Mouse
[    30.260] (II) event5  - ImExPS/2 Generic Explorer Mouse: device is a pointer
[    30.260] (II) config/udev: Adding input device ImExPS/2 Generic Explorer Mouse (/dev/input/mouse1)
[    30.260] (II) No input driver specified, ignoring this device.
[    30.260] (II) This device may have been added with another device file.
[    30.463] (II) modeset(0): EDID vendor "VBX", prod id 0
[    30.463] (II) modeset(0): DDCModeFromDetailedTiming: 911x692 Warning: We only handle separate sync.
[    30.463] (II) modeset(0): Using EDID range info for horizontal sync
[    30.463] (II) modeset(0): Using EDID range info for vertical refresh
[    30.468] (II) modeset(0): EDID vendor "VBX", prod id 0
[    30.468] (II) modeset(0): DDCModeFromDetailedTiming: 911x692 Warning: We only handle separate sync.
[    30.468] (II) modeset(0): Using hsync ranges from config file
[    30.468] (II) modeset(0): Using vrefresh ranges from config file
[    30.473] (II) modeset(0): Allocate new frame buffer 904x692 stride
[    30.958] (**) Option "fd" "19"
[    30.958] (II) event0  - Power Button: device removed
[    30.958] (**) Option "fd" "22"
[    30.958] (II) event1  - Sleep Button: device removed
[    30.958] (**) Option "fd" "23"
[    30.958] (II) event3  - Video Bus: device removed
[    30.958] (**) Option "fd" "24"
[    30.958] (II) event6  - VirtualBox mouse integration: device removed
[    30.958] (**) Option "fd" "25"
[    30.958] (II) event4  - VirtualBox USB Tablet: device removed
[    30.958] (**) Option "fd" "26"
[    30.958] (II) event2  - AT Translated Set 2 keyboard: device removed
[    30.961] (**) Option "fd" "27"
[    30.961] (II) event5  - ImExPS/2 Generic Explorer Mouse: device removed
[    30.964] (II) UnloadModule: "libinput"
[    30.964] (II) systemd-logind: releasing fd for 13:69
[    30.965] (II) UnloadModule: "libinput"
[    30.965] (II) systemd-logind: releasing fd for 13:66
[    30.966] (II) UnloadModule: "libinput"
[    30.966] (II) systemd-logind: releasing fd for 13:68
[    30.967] (II) UnloadModule: "libinput"
[    30.967] (II) systemd-logind: releasing fd for 13:70
[    30.967] (II) UnloadModule: "libinput"
[    30.967] (II) systemd-logind: releasing fd for 13:67
[    30.968] (II) UnloadModule: "libinput"
[    30.968] (II) systemd-logind: releasing fd for 13:65
[    30.969] (II) UnloadModule: "libinput"
[    30.969] (II) systemd-logind: releasing fd for 13:64
[    30.985] (II) Server terminated successfully (0). Closing log file.
