VirtualBox XPCOM Server 5.1.38_Ubuntu r122592 linux.amd64 (Feb 28 2019 11:52:28) release log
00:00:00.000114 main     Log opened 2019-04-25T13:44:35.386874000Z
00:00:00.000115 main     Build Type: release
00:00:00.000118 main     OS Product: Linux
00:00:00.000118 main     OS Release: 4.10.0-28-lowlatency
00:00:00.000119 main     OS Version: #32~16.04.2-Ubuntu SMP PREEMPT Thu Jul 20 11:54:43 UTC 2017
00:00:00.000134 main     DMI Product Name: OMEN by HP Laptop
00:00:00.000138 main     DMI Product Version: Type1ProductConfigId
00:00:00.000168 main     Host RAM: 7866MB (7.6GB) total, 5950MB (5.8GB) available
00:00:00.000171 main     Executable: /usr/lib/virtualbox/VBoxSVC
00:00:00.000171 main     Process ID: 29635
00:00:00.000172 main     Package type: LINUX_64BITS_GENERIC (OSE)
00:00:00.001236 main     IPC socket path: /tmp/.vbox-iphelf-ipc/ipcd
00:00:00.104542 nspr-2   VirtualBox: object creation starts
00:00:00.104671 nspr-2   Home directory: '/home/iphelf/.config/VirtualBox'
00:00:00.109386 nspr-2   Failed to retrive disk info: getDiskName(/dev/mapper/system-root) --> system-root
00:00:00.119117 nspr-2   NetIfAdpCtlOut: VBoxNetAdpCtl: Error while retrieving link speed for wlo1: VBoxNetAdpCtl: ioctl failed: Operation not supported
00:00:00.120178 nspr-2   NAT: resolv.conf: nameserver 127.0.1.1
00:00:00.120219 nspr-2   HostDnsMonitor: old information
00:00:00.120225 nspr-2     no server entries
00:00:00.120231 nspr-2     no domain set
00:00:00.120235 nspr-2     no search string entries
00:00:00.120240 nspr-2   HostDnsMonitor: new information
00:00:00.120245 nspr-2     server 1: 127.0.1.1
00:00:00.120251 nspr-2     no domain set
00:00:00.120255 nspr-2     no search string entries
00:00:00.120267 nspr-2   HostDnsMonitorProxy::notify
00:00:00.124373 nspr-2   Failed to open "/dev/vboxdrvu", errno=13, rc=VERR_VM_DRIVER_NOT_ACCESSIBLE
00:00:00.125927 nspr-2   VD: VDInit finished
00:00:00.126090 nspr-2   ERROR [COM]: aRC=NS_ERROR_FAILURE (0x80004005) aIID={0eb668d2-495e-5a36-8890-29999b5f030c} aComponent={SystemPropertiesWrap} aText={Cannot determine default Guest Additions ISO location. Most likely they are not available}, preserve=false aResultDetail=0
00:00:00.127097 nspr-2   VirtualBox: object created
00:05:18.636801 main     VirtualBox: object deletion starts
00:05:18.766031 Watcher  ERROR [COM]: aRC=E_ACCESSDENIED (0x80070005) aIID={0169423f-46b4-cde9-91af-1e9d5b6cd945} aComponent={VirtualBoxWrap} aText={The object is not ready}, preserve=false aResultDetail=0
00:05:23.637694 main     {00007f7c7c011e80} HostPowerServiceLinux::~HostPowerServiceLinux: RTThreadWait() for 5000 ms failed with VERR_TIMEOUT
00:05:23.638374 main     VirtualBox: object deleted
